[1/13] C:\PROGRA~1\JETBRA~1\CLION2~1.1\bin\mingw\bin\G__~1.EXE   -g -std=gnu++11 -fdiagnostics-color=always -MD -MT CMakeFiles/MalkADS.dir/main.cpp.obj -MF CMakeFiles\MalkADS.dir\main.cpp.obj.d -o CMakeFiles/MalkADS.dir/main.cpp.obj -c "C:/AUC/data structures/ADS-2/ADS-Project/MalkADS/main.cpp"
FAILED: CMakeFiles/MalkADS.dir/main.cpp.obj 
C:\PROGRA~1\JETBRA~1\CLION2~1.1\bin\mingw\bin\G__~1.EXE   -g -std=gnu++11 -fdiagnostics-color=always -MD -MT CMakeFiles/MalkADS.dir/main.cpp.obj -MF CMakeFiles\MalkADS.dir\main.cpp.obj.d -o CMakeFiles/MalkADS.dir/main.cpp.obj -c "C:/AUC/data structures/ADS-2/ADS-Project/MalkADS/main.cpp"
[2/13] C:\PROGRA~1\JETBRA~1\CLION2~1.1\bin\mingw\bin\G__~1.EXE   -g -std=gnu++11 -fdiagnostics-color=always -MD -MT CMakeFiles/MalkADS.dir/src/managers/LibrarySystem.cpp.obj -MF CMakeFiles\MalkADS.dir\src\managers\LibrarySystem.cpp.obj.d -o CMakeFiles/MalkADS.dir/src/managers/LibrarySystem.cpp.obj -c "C:/AUC/data structures/ADS-2/ADS-Project/MalkADS/src/managers/LibrarySystem.cpp"
FAILED: CMakeFiles/MalkADS.dir/src/managers/LibrarySystem.cpp.obj 
C:\PROGRA~1\JETBRA~1\CLION2~1.1\bin\mingw\bin\G__~1.EXE   -g -std=gnu++11 -fdiagnostics-color=always -MD -MT CMakeFiles/MalkADS.dir/src/managers/LibrarySystem.cpp.obj -MF CMakeFiles\MalkADS.dir\src\managers\LibrarySystem.cpp.obj.d -o CMakeFiles/MalkADS.dir/src/managers/LibrarySystem.cpp.obj -c "C:/AUC/data structures/ADS-2/ADS-Project/MalkADS/src/managers/LibrarySystem.cpp"
[3/13] C:\PROGRA~1\JETBRA~1\CLION2~1.1\bin\mingw\bin\G__~1.EXE   -g -std=gnu++11 -fdiagnostics-color=always -MD -MT CMakeFiles/MalkADS.dir/src/managers/UsersManager.cpp.obj -MF CMakeFiles\MalkADS.dir\src\managers\UsersManager.cpp.obj.d -o CMakeFiles/MalkADS.dir/src/managers/UsersManager.cpp.obj -c "C:/AUC/data structures/ADS-2/ADS-Project/MalkADS/src/managers/UsersManager.cpp"
FAILED: CMakeFiles/MalkADS.dir/src/managers/UsersManager.cpp.obj 
C:\PROGRA~1\JETBRA~1\CLION2~1.1\bin\mingw\bin\G__~1.EXE   -g -std=gnu++11 -fdiagnostics-color=always -MD -MT CMakeFiles/MalkADS.dir/src/managers/UsersManager.cpp.obj -MF CMakeFiles\MalkADS.dir\src\managers\UsersManager.cpp.obj.d -o CMakeFiles/MalkADS.dir/src/managers/UsersManager.cpp.obj -c "C:/AUC/data structures/ADS-2/ADS-Project/MalkADS/src/managers/UsersManager.cpp"
[4/13] C:\PROGRA~1\JETBRA~1\CLION2~1.1\bin\mingw\bin\G__~1.EXE   -g -std=gnu++11 -fdiagnostics-color=always -MD -MT CMakeFiles/MalkADS.dir/src/managers/RoomsManager.cpp.obj -MF CMakeFiles\MalkADS.dir\src\managers\RoomsManager.cpp.obj.d -o CMakeFiles/MalkADS.dir/src/managers/RoomsManager.cpp.obj -c "C:/AUC/data structures/ADS-2/ADS-Project/MalkADS/src/managers/RoomsManager.cpp"
FAILED: CMakeFiles/MalkADS.dir/src/managers/RoomsManager.cpp.obj 
C:\PROGRA~1\JETBRA~1\CLION2~1.1\bin\mingw\bin\G__~1.EXE   -g -std=gnu++11 -fdiagnostics-color=always -MD -MT CMakeFiles/MalkADS.dir/src/managers/RoomsManager.cpp.obj -MF CMakeFiles\MalkADS.dir\src\managers\RoomsManager.cpp.obj.d -o CMakeFiles/MalkADS.dir/src/managers/RoomsManager.cpp.obj -c "C:/AUC/data structures/ADS-2/ADS-Project/MalkADS/src/managers/RoomsManager.cpp"
[5/13] C:\PROGRA~1\JETBRA~1\CLION2~1.1\bin\mingw\bin\G__~1.EXE   -g -std=gnu++11 -fdiagnostics-color=always -MD -MT CMakeFiles/MalkADS.dir/src/managers/LaptopsManager.cpp.obj -MF CMakeFiles\MalkADS.dir\src\managers\LaptopsManager.cpp.obj.d -o CMakeFiles/MalkADS.dir/src/managers/LaptopsManager.cpp.obj -c "C:/AUC/data structures/ADS-2/ADS-Project/MalkADS/src/managers/LaptopsManager.cpp"
FAILED: CMakeFiles/MalkADS.dir/src/managers/LaptopsManager.cpp.obj 
C:\PROGRA~1\JETBRA~1\CLION2~1.1\bin\mingw\bin\G__~1.EXE   -g -std=gnu++11 -fdiagnostics-color=always -MD -MT CMakeFiles/MalkADS.dir/src/managers/LaptopsManager.cpp.obj -MF CMakeFiles\MalkADS.dir\src\managers\LaptopsManager.cpp.obj.d -o CMakeFiles/MalkADS.dir/src/managers/LaptopsManager.cpp.obj -c "C:/AUC/data structures/ADS-2/ADS-Project/MalkADS/src/managers/LaptopsManager.cpp"
[6/13] C:\PROGRA~1\JETBRA~1\CLION2~1.1\bin\mingw\bin\G__~1.EXE   -g -std=gnu++11 -fdiagnostics-color=always -MD -MT CMakeFiles/MalkADS.dir/src/managers/BooksManager.cpp.obj -MF CMakeFiles\MalkADS.dir\src\managers\BooksManager.cpp.obj.d -o CMakeFiles/MalkADS.dir/src/managers/BooksManager.cpp.obj -c "C:/AUC/data structures/ADS-2/ADS-Project/MalkADS/src/managers/BooksManager.cpp"
FAILED: CMakeFiles/MalkADS.dir/src/managers/BooksManager.cpp.obj 
C:\PROGRA~1\JETBRA~1\CLION2~1.1\bin\mingw\bin\G__~1.EXE   -g -std=gnu++11 -fdiagnostics-color=always -MD -MT CMakeFiles/MalkADS.dir/src/managers/BooksManager.cpp.obj -MF CMakeFiles\MalkADS.dir\src\managers\BooksManager.cpp.obj.d -o CMakeFiles/MalkADS.dir/src/managers/BooksManager.cpp.obj -c "C:/AUC/data structures/ADS-2/ADS-Project/MalkADS/src/managers/BooksManager.cpp"
[7/13] C:\PROGRA~1\JETBRA~1\CLION2~1.1\bin\mingw\bin\G__~1.EXE   -g -std=gnu++11 -fdiagnostics-color=always -MD -MT CMakeFiles/MalkADS.dir/src/models/user.cpp.obj -MF CMakeFiles\MalkADS.dir\src\models\user.cpp.obj.d -o CMakeFiles/MalkADS.dir/src/models/user.cpp.obj -c "C:/AUC/data structures/ADS-2/ADS-Project/MalkADS/src/models/user.cpp"
FAILED: CMakeFiles/MalkADS.dir/src/models/user.cpp.obj 
C:\PROGRA~1\JETBRA~1\CLION2~1.1\bin\mingw\bin\G__~1.EXE   -g -std=gnu++11 -fdiagnostics-color=always -MD -MT CMakeFiles/MalkADS.dir/src/models/user.cpp.obj -MF CMakeFiles\MalkADS.dir\src\models\user.cpp.obj.d -o CMakeFiles/MalkADS.dir/src/models/user.cpp.obj -c "C:/AUC/data structures/ADS-2/ADS-Project/MalkADS/src/models/user.cpp"
[8/13] C:\PROGRA~1\JETBRA~1\CLION2~1.1\bin\mingw\bin\G__~1.EXE   -g -std=gnu++11 -fdiagnostics-color=always -MD -MT CMakeFiles/MalkADS.dir/src/models/book.cpp.obj -MF CMakeFiles\MalkADS.dir\src\models\book.cpp.obj.d -o CMakeFiles/MalkADS.dir/src/models/book.cpp.obj -c "C:/AUC/data structures/ADS-2/ADS-Project/MalkADS/src/models/book.cpp"
FAILED: CMakeFiles/MalkADS.dir/src/models/book.cpp.obj 
C:\PROGRA~1\JETBRA~1\CLION2~1.1\bin\mingw\bin\G__~1.EXE   -g -std=gnu++11 -fdiagnostics-color=always -MD -MT CMakeFiles/MalkADS.dir/src/models/book.cpp.obj -MF CMakeFiles\MalkADS.dir\src\models\book.cpp.obj.d -o CMakeFiles/MalkADS.dir/src/models/book.cpp.obj -c "C:/AUC/data structures/ADS-2/ADS-Project/MalkADS/src/models/book.cpp"
[9/13] C:\PROGRA~1\JETBRA~1\CLION2~1.1\bin\mingw\bin\G__~1.EXE   -g -std=gnu++11 -fdiagnostics-color=always -MD -MT CMakeFiles/MalkADS.dir/src/structures/IntervalTreeComplete.cpp.obj -MF CMakeFiles\MalkADS.dir\src\structures\IntervalTreeComplete.cpp.obj.d -o CMakeFiles/MalkADS.dir/src/structures/IntervalTreeComplete.cpp.obj -c "C:/AUC/data structures/ADS-2/ADS-Project/MalkADS/src/structures/IntervalTreeComplete.cpp"
FAILED: CMakeFiles/MalkADS.dir/src/structures/IntervalTreeComplete.cpp.obj 
C:\PROGRA~1\JETBRA~1\CLION2~1.1\bin\mingw\bin\G__~1.EXE   -g -std=gnu++11 -fdiagnostics-color=always -MD -MT CMakeFiles/MalkADS.dir/src/structures/IntervalTreeComplete.cpp.obj -MF CMakeFiles\MalkADS.dir\src\structures\IntervalTreeComplete.cpp.obj.d -o CMakeFiles/MalkADS.dir/src/structures/IntervalTreeComplete.cpp.obj -c "C:/AUC/data structures/ADS-2/ADS-Project/MalkADS/src/structures/IntervalTreeComplete.cpp"
[10/13] C:\PROGRA~1\JETBRA~1\CLION2~1.1\bin\mingw\bin\G__~1.EXE   -g -std=gnu++11 -fdiagnostics-color=always -MD -MT CMakeFiles/MalkADS.dir/src/structures/queue.cpp.obj -MF CMakeFiles\MalkADS.dir\src\structures\queue.cpp.obj.d -o CMakeFiles/MalkADS.dir/src/structures/queue.cpp.obj -c "C:/AUC/data structures/ADS-2/ADS-Project/MalkADS/src/structures/queue.cpp"
FAILED: CMakeFiles/MalkADS.dir/src/structures/queue.cpp.obj 
C:\PROGRA~1\JETBRA~1\CLION2~1.1\bin\mingw\bin\G__~1.EXE   -g -std=gnu++11 -fdiagnostics-color=always -MD -MT CMakeFiles/MalkADS.dir/src/structures/queue.cpp.obj -MF CMakeFiles\MalkADS.dir\src\structures\queue.cpp.obj.d -o CMakeFiles/MalkADS.dir/src/structures/queue.cpp.obj -c "C:/AUC/data structures/ADS-2/ADS-Project/MalkADS/src/structures/queue.cpp"
[11/13] C:\PROGRA~1\JETBRA~1\CLION2~1.1\bin\mingw\bin\G__~1.EXE -Dlibrary_system_EXPORTS -isystem "C:/Users/hamdy osama/AppData/Local/Programs/Python/Python313/Include" -isystem "C:/Users/hamdy osama/AppData/Local/Programs/Python/Python313/include" -g -std=gnu++11 -fvisibility=hidden -fdiagnostics-color=always -MD -MT CMakeFiles/library_system.dir/bindings.cpp.obj -MF CMakeFiles\library_system.dir\bindings.cpp.obj.d -o CMakeFiles/library_system.dir/bindings.cpp.obj -c "C:/AUC/data structures/ADS-2/ADS-Project/MalkADS/bindings.cpp"
FAILED: CMakeFiles/library_system.dir/bindings.cpp.obj 
C:\PROGRA~1\JETBRA~1\CLION2~1.1\bin\mingw\bin\G__~1.EXE -Dlibrary_system_EXPORTS -isystem "C:/Users/hamdy osama/AppData/Local/Programs/Python/Python313/Include" -isystem "C:/Users/hamdy osama/AppData/Local/Programs/Python/Python313/include" -g -std=gnu++11 -fvisibility=hidden -fdiagnostics-color=always -MD -MT CMakeFiles/library_system.dir/bindings.cpp.obj -MF CMakeFiles\library_system.dir\bindings.cpp.obj.d -o CMakeFiles/library_system.dir/bindings.cpp.obj -c "C:/AUC/data structures/ADS-2/ADS-Project/MalkADS/bindings.cpp"
ninja: build stopped: subcommand failed.
