[1/9] Building CXX object CMakeFiles/MalkADS.dir/main.cpp.obj
FAILED: CMakeFiles/MalkADS.dir/main.cpp.obj 
C:\PROGRA~1\JETBRA~1\CLION2~1.1\bin\mingw\bin\G__~1.EXE   -g -std=gnu++11 -fdiagnostics-color=always -MD -MT CMakeFiles/MalkADS.dir/main.cpp.obj -MF CMakeFiles\MalkADS.dir\main.cpp.obj.d -o CMakeFiles/MalkADS.dir/main.cpp.obj -c "C:/AUC/data structures/ADS-2/ADS-Project/MalkADS/main.cpp"
[2/9] Building CXX object CMakeFiles/MalkADS.dir/src/managers/LibrarySystem.cpp.obj
FAILED: CMakeFiles/MalkADS.dir/src/managers/LibrarySystem.cpp.obj 
C:\PROGRA~1\JETBRA~1\CLION2~1.1\bin\mingw\bin\G__~1.EXE   -g -std=gnu++11 -fdiagnostics-color=always -MD -MT CMakeFiles/MalkADS.dir/src/managers/LibrarySystem.cpp.obj -MF CMakeFiles\MalkADS.dir\src\managers\LibrarySystem.cpp.obj.d -o CMakeFiles/MalkADS.dir/src/managers/LibrarySystem.cpp.obj -c "C:/AUC/data structures/ADS-2/ADS-Project/MalkADS/src/managers/LibrarySystem.cpp"
[3/9] Building CXX object CMakeFiles/MalkADS.dir/src/managers/RoomsManager.cpp.obj
FAILED: CMakeFiles/MalkADS.dir/src/managers/RoomsManager.cpp.obj 
C:\PROGRA~1\JETBRA~1\CLION2~1.1\bin\mingw\bin\G__~1.EXE   -g -std=gnu++11 -fdiagnostics-color=always -MD -MT CMakeFiles/MalkADS.dir/src/managers/RoomsManager.cpp.obj -MF CMakeFiles\MalkADS.dir\src\managers\RoomsManager.cpp.obj.d -o CMakeFiles/MalkADS.dir/src/managers/RoomsManager.cpp.obj -c "C:/AUC/data structures/ADS-2/ADS-Project/MalkADS/src/managers/RoomsManager.cpp"
[4/9] Building CXX object CMakeFiles/MalkADS.dir/src/managers/LaptopsManager.cpp.obj
FAILED: CMakeFiles/MalkADS.dir/src/managers/LaptopsManager.cpp.obj 
C:\PROGRA~1\JETBRA~1\CLION2~1.1\bin\mingw\bin\G__~1.EXE   -g -std=gnu++11 -fdiagnostics-color=always -MD -MT CMakeFiles/MalkADS.dir/src/managers/LaptopsManager.cpp.obj -MF CMakeFiles\MalkADS.dir\src\managers\LaptopsManager.cpp.obj.d -o CMakeFiles/MalkADS.dir/src/managers/LaptopsManager.cpp.obj -c "C:/AUC/data structures/ADS-2/ADS-Project/MalkADS/src/managers/LaptopsManager.cpp"
[5/9] Building CXX object CMakeFiles/MalkADS.dir/src/managers/BooksManager.cpp.obj
FAILED: CMakeFiles/MalkADS.dir/src/managers/BooksManager.cpp.obj 
C:\PROGRA~1\JETBRA~1\CLION2~1.1\bin\mingw\bin\G__~1.EXE   -g -std=gnu++11 -fdiagnostics-color=always -MD -MT CMakeFiles/MalkADS.dir/src/managers/BooksManager.cpp.obj -MF CMakeFiles\MalkADS.dir\src\managers\BooksManager.cpp.obj.d -o CMakeFiles/MalkADS.dir/src/managers/BooksManager.cpp.obj -c "C:/AUC/data structures/ADS-2/ADS-Project/MalkADS/src/managers/BooksManager.cpp"
[6/9] Building CXX object CMakeFiles/MalkADS.dir/src/structures/IntervalTreeComplete.cpp.obj
FAILED: CMakeFiles/MalkADS.dir/src/structures/IntervalTreeComplete.cpp.obj 
C:\PROGRA~1\JETBRA~1\CLION2~1.1\bin\mingw\bin\G__~1.EXE   -g -std=gnu++11 -fdiagnostics-color=always -MD -MT CMakeFiles/MalkADS.dir/src/structures/IntervalTreeComplete.cpp.obj -MF CMakeFiles\MalkADS.dir\src\structures\IntervalTreeComplete.cpp.obj.d -o CMakeFiles/MalkADS.dir/src/structures/IntervalTreeComplete.cpp.obj -c "C:/AUC/data structures/ADS-2/ADS-Project/MalkADS/src/structures/IntervalTreeComplete.cpp"
[7/9] Building CXX object CMakeFiles/library_system.dir/bindings.cpp.obj
FAILED: CMakeFiles/library_system.dir/bindings.cpp.obj 
C:\PROGRA~1\JETBRA~1\CLION2~1.1\bin\mingw\bin\G__~1.EXE -Dlibrary_system_EXPORTS -isystem "C:/Users/hamdy osama/AppData/Local/Programs/Python/Python313/Include" -isystem "C:/Users/hamdy osama/AppData/Local/Programs/Python/Python313/include" -g -std=gnu++11 -fvisibility=hidden -fdiagnostics-color=always -MD -MT CMakeFiles/library_system.dir/bindings.cpp.obj -MF CMakeFiles\library_system.dir\bindings.cpp.obj.d -o CMakeFiles/library_system.dir/bindings.cpp.obj -c "C:/AUC/data structures/ADS-2/ADS-Project/MalkADS/bindings.cpp"
ninja: build stopped: subcommand failed.
