Start testing: Dec 06 18:12 Egypt Standard Time
----------------------------------------------------------
1/12 Testing: UsersManager login and mock users
1/12 Test: UsersManager login and mock users
Command: "E:/AUC/Fall2025/AppliedDataStructure/ADSProject/ADS-Project/MalkADS/build/tests/tests.exe" "UsersManager login and mock users"
Directory: E:/AUC/Fall2025/AppliedDataStructure/ADSProject/ADS-Project/MalkADS/build/tests
"UsersManager login and mock users" start time: Dec 06 18:12 Egypt Standard Time
Output:
----------------------------------------------------------
Filters: "UsersManager login and mock users"
Randomness seeded to: 1973643342
===============================================================================
All tests passed (6 assertions in 1 test case)

<end of output>
Test time =   0.03 sec
----------------------------------------------------------
Test Passed.
"UsersManager login and mock users" end time: Dec 06 18:12 Egypt Standard Time
"UsersManager login and mock users" time elapsed: 00:00:00
----------------------------------------------------------

2/12 Testing: UsersManager admin and normal user
2/12 Test: UsersManager admin and normal user
Command: "E:/AUC/Fall2025/AppliedDataStructure/ADSProject/ADS-Project/MalkADS/build/tests/tests.exe" "UsersManager admin and normal user"
Directory: E:/AUC/Fall2025/AppliedDataStructure/ADSProject/ADS-Project/MalkADS/build/tests
"UsersManager admin and normal user" start time: Dec 06 18:12 Egypt Standard Time
Output:
----------------------------------------------------------
Filters: "UsersManager admin and normal user"
Randomness seeded to: 2572494588
===============================================================================
All tests passed (4 assertions in 1 test case)

<end of output>
Test time =   0.03 sec
----------------------------------------------------------
Test Passed.
"UsersManager admin and normal user" end time: Dec 06 18:12 Egypt Standard Time
"UsersManager admin and normal user" time elapsed: 00:00:00
----------------------------------------------------------

3/12 Testing: LaptopsManager add and remove laptop
3/12 Test: LaptopsManager add and remove laptop
Command: "E:/AUC/Fall2025/AppliedDataStructure/ADSProject/ADS-Project/MalkADS/build/tests/tests.exe" "LaptopsManager add and remove laptop"
Directory: E:/AUC/Fall2025/AppliedDataStructure/ADSProject/ADS-Project/MalkADS/build/tests
"LaptopsManager add and remove laptop" start time: Dec 06 18:12 Egypt Standard Time
Output:
----------------------------------------------------------
Filters: "LaptopsManager add and remove laptop"
Randomness seeded to: 3957635323
Error opeing data/laptops.txt
Error opening data/laptops.txt for writing
Error opening data/laptop_bookings.txt for writing
===============================================================================
All tests passed (4 assertions in 1 test case)

<end of output>
Test time =   0.03 sec
----------------------------------------------------------
Test Passed.
"LaptopsManager add and remove laptop" end time: Dec 06 18:12 Egypt Standard Time
"LaptopsManager add and remove laptop" time elapsed: 00:00:00
----------------------------------------------------------

4/12 Testing: LaptopsManager borrowLaptopDirect
4/12 Test: LaptopsManager borrowLaptopDirect
Command: "E:/AUC/Fall2025/AppliedDataStructure/ADSProject/ADS-Project/MalkADS/build/tests/tests.exe" "LaptopsManager borrowLaptopDirect"
Directory: E:/AUC/Fall2025/AppliedDataStructure/ADSProject/ADS-Project/MalkADS/build/tests
"LaptopsManager borrowLaptopDirect" start time: Dec 06 18:12 Egypt Standard Time
Output:
----------------------------------------------------------
Filters: "LaptopsManager borrowLaptopDirect"
Randomness seeded to: 2590343152
Error opeing data/laptops.txt
Error opening data/laptops.txt for writing
Error opening data/laptop_bookings.txt for writing
===============================================================================
All tests passed (5 assertions in 1 test case)

<end of output>
Test time =   0.03 sec
----------------------------------------------------------
Test Passed.
"LaptopsManager borrowLaptopDirect" end time: Dec 06 18:12 Egypt Standard Time
"LaptopsManager borrowLaptopDirect" time elapsed: 00:00:00
----------------------------------------------------------

5/12 Testing: LaptopsManager borrowAnyLaptopDirect
5/12 Test: LaptopsManager borrowAnyLaptopDirect
Command: "E:/AUC/Fall2025/AppliedDataStructure/ADSProject/ADS-Project/MalkADS/build/tests/tests.exe" "LaptopsManager borrowAnyLaptopDirect"
Directory: E:/AUC/Fall2025/AppliedDataStructure/ADSProject/ADS-Project/MalkADS/build/tests
"LaptopsManager borrowAnyLaptopDirect" start time: Dec 06 18:12 Egypt Standard Time
Output:
----------------------------------------------------------
Filters: "LaptopsManager borrowAnyLaptopDirect"
Randomness seeded to: 1690465216
Error opeing data/laptops.txt
Error opening data/laptops.txt for writing
Error opening data/laptop_bookings.txt for writing
===============================================================================
All tests passed (6 assertions in 1 test case)

<end of output>
Test time =   0.03 sec
----------------------------------------------------------
Test Passed.
"LaptopsManager borrowAnyLaptopDirect" end time: Dec 06 18:12 Egypt Standard Time
"LaptopsManager borrowAnyLaptopDirect" time elapsed: 00:00:00
----------------------------------------------------------

6/12 Testing: LaptopsManager overlapping bookings for same user
6/12 Test: LaptopsManager overlapping bookings for same user
Command: "E:/AUC/Fall2025/AppliedDataStructure/ADSProject/ADS-Project/MalkADS/build/tests/tests.exe" "LaptopsManager overlapping bookings for same user"
Directory: E:/AUC/Fall2025/AppliedDataStructure/ADSProject/ADS-Project/MalkADS/build/tests
"LaptopsManager overlapping bookings for same user" start time: Dec 06 18:12 Egypt Standard Time
Output:
----------------------------------------------------------
Filters: "LaptopsManager overlapping bookings for same user"
Randomness seeded to: 2260171545
Error opeing data/laptops.txt
Error opening data/laptops.txt for writing
Error opening data/laptop_bookings.txt for writing
===============================================================================
All tests passed (5 assertions in 1 test case)

<end of output>
Test time =   0.03 sec
----------------------------------------------------------
Test Passed.
"LaptopsManager overlapping bookings for same user" end time: Dec 06 18:12 Egypt Standard Time
"LaptopsManager overlapping bookings for same user" time elapsed: 00:00:00
----------------------------------------------------------

7/12 Testing: RoomsManager add and book room with mock user
7/12 Test: RoomsManager add and book room with mock user
Command: "E:/AUC/Fall2025/AppliedDataStructure/ADSProject/ADS-Project/MalkADS/build/tests/tests.exe" "RoomsManager add and book room with mock user"
Directory: E:/AUC/Fall2025/AppliedDataStructure/ADSProject/ADS-Project/MalkADS/build/tests
"RoomsManager add and book room with mock user" start time: Dec 06 18:12 Egypt Standard Time
Output:
----------------------------------------------------------
Filters: "RoomsManager add and book room with mock user"
Randomness seeded to: 141921297
Error opeing data/rooms.txt
Error opening data/rooms.txt for writing
Error opening data/room_bookings.txt for writing
===============================================================================
All tests passed (6 assertions in 1 test case)

<end of output>
Test time =   0.03 sec
----------------------------------------------------------
Test Passed.
"RoomsManager add and book room with mock user" end time: Dec 06 18:12 Egypt Standard Time
"RoomsManager add and book room with mock user" time elapsed: 00:00:00
----------------------------------------------------------

8/12 Testing: RoomsManager remove room
8/12 Test: RoomsManager remove room
Command: "E:/AUC/Fall2025/AppliedDataStructure/ADSProject/ADS-Project/MalkADS/build/tests/tests.exe" "RoomsManager remove room"
Directory: E:/AUC/Fall2025/AppliedDataStructure/ADSProject/ADS-Project/MalkADS/build/tests
"RoomsManager remove room" start time: Dec 06 18:12 Egypt Standard Time
Output:
----------------------------------------------------------
Filters: "RoomsManager remove room"
Randomness seeded to: 2215979777
Error opeing data/rooms.txt
Error opening data/rooms.txt for writing
Error opening data/room_bookings.txt for writing
===============================================================================
All tests passed (3 assertions in 1 test case)

<end of output>
Test time =   0.03 sec
----------------------------------------------------------
Test Passed.
"RoomsManager remove room" end time: Dec 06 18:12 Egypt Standard Time
"RoomsManager remove room" time elapsed: 00:00:00
----------------------------------------------------------

9/12 Testing: Booking conflict for mock user
9/12 Test: Booking conflict for mock user
Command: "E:/AUC/Fall2025/AppliedDataStructure/ADSProject/ADS-Project/MalkADS/build/tests/tests.exe" "Booking conflict for mock user"
Directory: E:/AUC/Fall2025/AppliedDataStructure/ADSProject/ADS-Project/MalkADS/build/tests
"Booking conflict for mock user" start time: Dec 06 18:12 Egypt Standard Time
Output:
----------------------------------------------------------
Filters: "Booking conflict for mock user"
Randomness seeded to: 283472769
Error opeing data/rooms.txt
Error opening data/rooms.txt for writing
Error opening data/room_bookings.txt for writing
===============================================================================
All tests passed (4 assertions in 1 test case)

<end of output>
Test time =   0.03 sec
----------------------------------------------------------
Test Passed.
"Booking conflict for mock user" end time: Dec 06 18:12 Egypt Standard Time
"Booking conflict for mock user" time elapsed: 00:00:00
----------------------------------------------------------

10/12 Testing: Add and get book
10/12 Test: Add and get book
Command: "E:/AUC/Fall2025/AppliedDataStructure/ADSProject/ADS-Project/MalkADS/build/tests/tests.exe" "Add and get book"
Directory: E:/AUC/Fall2025/AppliedDataStructure/ADSProject/ADS-Project/MalkADS/build/tests
"Add and get book" start time: Dec 06 18:12 Egypt Standard Time
Output:
----------------------------------------------------------
Filters: "Add and get book"
Randomness seeded to: 3690071692
Error opening books.txt
Error opening books.txt for writing
Error opening data/book_bookings.txt for writing
===============================================================================
All tests passed (3 assertions in 1 test case)

<end of output>
Test time =   0.03 sec
----------------------------------------------------------
Test Passed.
"Add and get book" end time: Dec 06 18:12 Egypt Standard Time
"Add and get book" time elapsed: 00:00:00
----------------------------------------------------------

11/12 Testing: Remove book
11/12 Test: Remove book
Command: "E:/AUC/Fall2025/AppliedDataStructure/ADSProject/ADS-Project/MalkADS/build/tests/tests.exe" "Remove book"
Directory: E:/AUC/Fall2025/AppliedDataStructure/ADSProject/ADS-Project/MalkADS/build/tests
"Remove book" start time: Dec 06 18:12 Egypt Standard Time
Output:
----------------------------------------------------------
Filters: "Remove book"
Randomness seeded to: 416302661
Error opening books.txt
Error opening books.txt for writing
Error opening data/book_bookings.txt for writing
===============================================================================
All tests passed (3 assertions in 1 test case)

<end of output>
Test time =   0.03 sec
----------------------------------------------------------
Test Passed.
"Remove book" end time: Dec 06 18:12 Egypt Standard Time
"Remove book" time elapsed: 00:00:00
----------------------------------------------------------

12/12 Testing: Borrow book non-interactive
12/12 Test: Borrow book non-interactive
Command: "E:/AUC/Fall2025/AppliedDataStructure/ADSProject/ADS-Project/MalkADS/build/tests/tests.exe" "Borrow book non-interactive"
Directory: E:/AUC/Fall2025/AppliedDataStructure/ADSProject/ADS-Project/MalkADS/build/tests
"Borrow book non-interactive" start time: Dec 06 18:12 Egypt Standard Time
Output:
----------------------------------------------------------
Filters: "Borrow book non-interactive"
Randomness seeded to: 2814508123
Error opening books.txt
Error opening books.txt for writing
Error opening data/book_bookings.txt for writing
===============================================================================
All tests passed (6 assertions in 1 test case)

<end of output>
Test time =   0.03 sec
----------------------------------------------------------
Test Passed.
"Borrow book non-interactive" end time: Dec 06 18:12 Egypt Standard Time
"Borrow book non-interactive" time elapsed: 00:00:00
----------------------------------------------------------

End testing: Dec 06 18:12 Egypt Standard Time
